2025-12-26 13:16:46 WARN  [main] o.hibernate.orm.connections.pooling - HHH10001002: Using built-in connection pool (not intended for production use)
2025-12-26 13:16:46 WARN  [main] org.hibernate.orm.deprecation - HHH90000025: PostgreSQLDialect does not need to be specified explicitly using 'hibernate.dialect' (remove the property setting and it will be selected by default)
2025-12-26 13:16:48 DEBUG [main] org.hibernate.SQL - set client_min_messages = WARNING
2025-12-26 13:16:48 DEBUG [main] org.hibernate.SQL - drop table if exists users cascade
2025-12-26 13:16:48 DEBUG [main] org.hibernate.SQL - create table users (age integer not null, created_at timestamp(6), id bigint generated by default as identity, username varchar(15) not null, email varchar(25) not null unique, primary key (id))
2025-12-26 13:17:11 DEBUG [main] org.hibernate.SQL - insert into users (age,created_at,email,username) values (?,?,?,?)
2025-12-26 13:17:11 INFO  [main] service.UserMenuManager - Пользователь arslan создан.
2025-12-26 13:17:41 DEBUG [main] org.hibernate.SQL - insert into users (age,created_at,email,username) values (?,?,?,?)
2025-12-26 13:17:41 INFO  [main] service.UserMenuManager - Пользователь  создан.
2025-12-26 13:17:59 DEBUG [main] org.hibernate.SQL - select u1_0.id,u1_0.age,u1_0.created_at,u1_0.email,u1_0.username from users u1_0
2025-12-26 13:17:59 INFO  [main] service.UserMenuManager - Список пользователей

2025-12-26 13:17:59 INFO  [main] service.UserMenuManager - User(id=1, username=arslan, email=arslan, age=29, createdAt=2025-12-26T13:17:11.795479)
2025-12-26 13:17:59 INFO  [main] service.UserMenuManager - User(id=2, username=, email=Iba.ru, age=33, createdAt=2025-12-26T13:17:41.947697)
2025-12-26 13:18:20 DEBUG [main] org.hibernate.SQL - select u1_0.id,u1_0.age,u1_0.created_at,u1_0.email,u1_0.username from users u1_0 where u1_0.id=?
2025-12-26 13:18:20 ERROR [main] service.UserMenuManager - Пользователь с ID 3 не найден
exception.UserException: Пользователь с ID 3 не найден
	at service.UserService.deleteUser(UserService.java:45)
	at service.UserMenuManager.deleteUser(UserMenuManager.java:131)
	at service.UserMenuManager.run(UserMenuManager.java:30)
	at MainApp.main(MainApp.java:13)
2025-12-26 13:18:41 DEBUG [main] org.hibernate.SQL - select u1_0.id,u1_0.age,u1_0.created_at,u1_0.email,u1_0.username from users u1_0 where u1_0.id=?
2025-12-26 13:18:41 DEBUG [main] org.hibernate.SQL - delete from users u1_0 where u1_0.id=?
2025-12-26 13:18:41 INFO  [main] service.UserMenuManager - Пользователь с Id 2 удален
2025-12-26 13:18:53 DEBUG [main] org.hibernate.SQL - select u1_0.id,u1_0.age,u1_0.created_at,u1_0.email,u1_0.username from users u1_0
2025-12-26 13:18:53 INFO  [main] service.UserMenuManager - Список пользователей

2025-12-26 13:18:53 INFO  [main] service.UserMenuManager - User(id=1, username=arslan, email=arslan, age=29, createdAt=2025-12-26T13:17:11.795479)
2025-12-26 13:20:24 WARN  [main] o.hibernate.orm.connections.pooling - HHH10001002: Using built-in connection pool (not intended for production use)
2025-12-26 13:20:25 WARN  [main] org.hibernate.orm.deprecation - HHH90000025: PostgreSQLDialect does not need to be specified explicitly using 'hibernate.dialect' (remove the property setting and it will be selected by default)
2025-12-26 13:20:26 DEBUG [main] org.hibernate.SQL - set client_min_messages = WARNING
2025-12-26 13:20:26 DEBUG [main] org.hibernate.SQL - drop table if exists users cascade
2025-12-26 13:20:26 DEBUG [main] org.hibernate.SQL - create table users (age integer not null, created_at timestamp(6), id bigint generated by default as identity, username varchar(15) not null, email varchar(25) not null unique, primary key (id))
2025-12-26 13:20:38 ERROR [main] service.UserMenuManager - Имя пользователя обязательно
exception.UserException: Имя пользователя обязательно
	at service.UserService.validateUser(UserService.java:55)
	at service.UserService.saveUser(UserService.java:31)
	at service.UserMenuManager.createUser(UserMenuManager.java:78)
	at service.UserMenuManager.run(UserMenuManager.java:26)
	at MainApp.main(MainApp.java:13)
2025-12-26 13:21:11 ERROR [main] service.UserMenuManager - Email пользователя обязателен
exception.UserException: Email пользователя обязателен
	at service.UserService.validateUser(UserService.java:58)
	at service.UserService.saveUser(UserService.java:31)
	at service.UserMenuManager.createUser(UserMenuManager.java:78)
	at service.UserMenuManager.run(UserMenuManager.java:26)
	at MainApp.main(MainApp.java:13)
2025-12-26 13:59:56 WARN  [main] o.hibernate.orm.connections.pooling - HHH10001002: Using built-in connection pool (not intended for production use)
2025-12-26 13:59:57 WARN  [main] org.hibernate.orm.deprecation - HHH90000025: PostgreSQLDialect does not need to be specified explicitly using 'hibernate.dialect' (remove the property setting and it will be selected by default)
2025-12-26 13:59:58 DEBUG [main] org.hibernate.SQL - set client_min_messages = WARNING
2025-12-26 13:59:58 DEBUG [main] org.hibernate.SQL - drop table if exists users cascade
2025-12-26 13:59:58 DEBUG [main] org.hibernate.SQL - create table users (age integer not null, created_at timestamp(6), id bigint generated by default as identity, username varchar(15) not null, email varchar(25) not null unique, primary key (id))
2025-12-26 13:59:58 DEBUG [main] org.hibernate.SQL - insert into users (age,created_at,email,username) values (?,?,?,?)
2025-12-26 14:06:47 WARN  [main] o.hibernate.orm.connections.pooling - HHH10001002: Using built-in connection pool (not intended for production use)
2025-12-26 14:06:47 WARN  [main] org.hibernate.orm.deprecation - HHH90000025: PostgreSQLDialect does not need to be specified explicitly using 'hibernate.dialect' (remove the property setting and it will be selected by default)
2025-12-26 14:06:48 DEBUG [main] org.hibernate.SQL - set client_min_messages = WARNING
2025-12-26 14:06:48 DEBUG [main] org.hibernate.SQL - drop table if exists users cascade
2025-12-26 14:06:48 DEBUG [main] org.hibernate.SQL - create table users (age integer not null, created_at timestamp(6), id bigint generated by default as identity, username varchar(15) not null, email varchar(25) not null unique, primary key (id))
2025-12-26 14:06:48 INFO  [main] service.UserServiceTest - Creating valid user...
2025-12-26 14:06:48 INFO  [main] service.UserServiceTest - Saving user...
2025-12-26 14:06:48 DEBUG [main] org.hibernate.SQL - insert into users (age,created_at,email,username) values (?,?,?,?)
2025-12-26 14:06:48 INFO  [main] service.UserServiceTest - Verifying interaction...
2025-12-26 14:14:50 WARN  [main] o.hibernate.orm.connections.pooling - HHH10001002: Using built-in connection pool (not intended for production use)
2025-12-26 14:14:50 WARN  [main] org.hibernate.orm.deprecation - HHH90000025: PostgreSQLDialect does not need to be specified explicitly using 'hibernate.dialect' (remove the property setting and it will be selected by default)
2025-12-26 14:14:51 DEBUG [main] org.hibernate.SQL - set client_min_messages = WARNING
2025-12-26 14:14:51 DEBUG [main] org.hibernate.SQL - drop table if exists users cascade
2025-12-26 14:14:51 DEBUG [main] org.hibernate.SQL - create table users (age integer not null, created_at timestamp(6), id bigint generated by default as identity, username varchar(15) not null, email varchar(25) not null unique, primary key (id))
2025-12-26 14:14:51 INFO  [main] service.UserServiceTest - Creating valid user...
2025-12-26 14:14:51 INFO  [main] service.UserServiceTest - Saving user...
2025-12-26 14:14:51 DEBUG [main] org.hibernate.SQL - insert into users (age,created_at,email,username) values (?,?,?,?)
2025-12-26 14:14:51 INFO  [main] service.UserServiceTest - Verifying interaction...
2025-12-26 14:16:54 WARN  [main] o.hibernate.orm.connections.pooling - HHH10001002: Using built-in connection pool (not intended for production use)
2025-12-26 14:16:54 WARN  [main] org.hibernate.orm.deprecation - HHH90000025: PostgreSQLDialect does not need to be specified explicitly using 'hibernate.dialect' (remove the property setting and it will be selected by default)
2025-12-26 14:16:55 DEBUG [main] org.hibernate.SQL - set client_min_messages = WARNING
2025-12-26 14:16:55 DEBUG [main] org.hibernate.SQL - drop table if exists users cascade
2025-12-26 14:16:55 DEBUG [main] org.hibernate.SQL - create table users (age integer not null, created_at timestamp(6), id bigint generated by default as identity, username varchar(15) not null, email varchar(25) not null unique, primary key (id))
2025-12-26 14:16:55 INFO  [main] service.UserServiceTest - Creating valid user...
2025-12-26 14:16:55 INFO  [main] service.UserServiceTest - Saving user...
2025-12-26 14:16:55 DEBUG [main] org.hibernate.SQL - insert into users (age,created_at,email,username) values (?,?,?,?)
2025-12-26 14:16:55 INFO  [main] service.UserServiceTest - Verifying interaction...
2025-12-26 14:26:03 INFO  [main] service.UserServiceTest - Creating valid user...
2025-12-26 14:26:03 INFO  [main] service.UserServiceTest - Saving user...
2025-12-26 14:26:03 INFO  [main] service.UserServiceTest - Verifying interaction...
2025-12-26 14:28:23 INFO  [main] service.UserServiceTest - Creating valid user...
2025-12-26 14:28:23 INFO  [main] service.UserServiceTest - Saving user...
2025-12-26 14:28:23 INFO  [main] service.UserServiceTest - Verifying interaction...
2025-12-26 14:30:33 WARN  [main] o.hibernate.orm.connections.pooling - HHH10001002: Using built-in connection pool (not intended for production use)
2025-12-26 14:30:34 WARN  [main] org.hibernate.orm.deprecation - HHH90000025: PostgreSQLDialect does not need to be specified explicitly using 'hibernate.dialect' (remove the property setting and it will be selected by default)
2025-12-26 14:30:35 DEBUG [main] org.hibernate.SQL - set client_min_messages = WARNING
2025-12-26 14:30:35 DEBUG [main] org.hibernate.SQL - drop table if exists users cascade
2025-12-26 14:30:35 DEBUG [main] org.hibernate.SQL - create table users (age integer not null, created_at timestamp(6), id bigint generated by default as identity, username varchar(15) not null, email varchar(25) not null unique, primary key (id))
2025-12-26 14:31:07 DEBUG [main] org.hibernate.SQL - insert into users (age,created_at,email,username) values (?,?,?,?)
2025-12-26 14:31:07 INFO  [main] service.UserMenuManager - Пользователь Arslan создан.
2025-12-26 14:31:28 DEBUG [main] org.hibernate.SQL - select u1_0.id,u1_0.age,u1_0.created_at,u1_0.email,u1_0.username from users u1_0 where u1_0.id=?
2025-12-26 14:31:29 DEBUG [main] org.hibernate.SQL - delete from users u1_0 where u1_0.id=?
2025-12-26 14:31:29 INFO  [main] service.UserMenuManager - Пользователь с Id 1 удален
